<?xml version="1.0" encoding="UTF-8"?>
<!-- Generated by org.testng.reporters.JUnitReportReporter -->
<testsuite hostname="DESKTOP-M1ABIH6" failures="0" tests="1" name="firstproject.myfirsttest" time="0.541" errors="0" timestamp="2025-06-26T19:55:08 GMT+03:00" skipped="0">
  <testcase classname="firstproject.myfirsttest" name="mytest" time="0.541"/>
</testsuite> <!-- firstproject.myfirsttest -->
