<?xml version="1.0" encoding="UTF-8"?>
<!-- Generated by org.testng.reporters.JUnitReportReporter -->
<testsuite hostname="DESKTOP-M1ABIH6" failures="0" tests="1" name="Login.task1" time="3.918" errors="0" timestamp="2025-07-03T14:01:20 GMT+03:00" skipped="0">
  <testcase classname="Login.task1" name="signup" time="3.918"/>
</testsuite> <!-- Login.task1 -->
